d:\opengllearning\opengl\opengl\x64\release\vc142.pdb
d:\opengllearning\opengl\opengl\x64\release\window.obj
d:\opengllearning\opengl\opengl\x64\release\texture.obj
d:\opengllearning\opengl\opengl\x64\release\spotlight.obj
d:\opengllearning\opengl\opengl\x64\release\skybox.obj
d:\opengllearning\opengl\opengl\x64\release\shadowmap.obj
d:\opengllearning\opengl\opengl\x64\release\shader.obj
d:\opengllearning\opengl\opengl\x64\release\pointlight.obj
d:\opengllearning\opengl\opengl\x64\release\omnishadowmap.obj
d:\opengllearning\opengl\opengl\x64\release\model.obj
d:\opengllearning\opengl\opengl\x64\release\mesh.obj
d:\opengllearning\opengl\opengl\x64\release\material.obj
d:\opengllearning\opengl\opengl\x64\release\main.obj
d:\opengllearning\opengl\opengl\x64\release\light.obj
d:\opengllearning\opengl\opengl\x64\release\directionallight.obj
d:\opengllearning\opengl\opengl\x64\release\camera.obj
d:\opengllearning\opengl\x64\release\opengl.exe
d:\opengllearning\opengl\x64\release\opengl.pdb
d:\opengllearning\opengl\x64\release\opengl.ipdb
d:\opengllearning\opengl\x64\release\opengl.iobj
d:\opengllearning\opengl\opengl\x64\release\opengl.tlog\cl.command.1.tlog
d:\opengllearning\opengl\opengl\x64\release\opengl.tlog\cl.read.1.tlog
d:\opengllearning\opengl\opengl\x64\release\opengl.tlog\cl.write.1.tlog
d:\opengllearning\opengl\opengl\x64\release\opengl.tlog\link.command.1.tlog
d:\opengllearning\opengl\opengl\x64\release\opengl.tlog\link.read.1.tlog
d:\opengllearning\opengl\opengl\x64\release\opengl.tlog\link.write.1.tlog
d:\opengllearning\opengl\opengl\x64\release\opengl.tlog\opengl.write.1u.tlog
