d:\opengl\assimp-5.0.1\contrib\zlib\zlibstatic.dir\release\compress.obj
d:\opengl\assimp-5.0.1\contrib\zlib\zlibstatic.dir\release\trees.obj
d:\opengl\assimp-5.0.1\contrib\zlib\zlibstatic.dir\release\infback.obj
d:\opengl\assimp-5.0.1\contrib\zlib\zlibstatic.dir\release\crc32.obj
d:\opengl\assimp-5.0.1\contrib\zlib\zlibstatic.dir\release\inflate.obj
d:\opengl\assimp-5.0.1\contrib\zlib\zlibstatic.dir\release\gzread.obj
d:\opengl\assimp-5.0.1\contrib\zlib\zlibstatic.dir\release\uncompr.obj
d:\opengl\assimp-5.0.1\contrib\zlib\zlibstatic.dir\release\gzwrite.obj
d:\opengl\assimp-5.0.1\contrib\zlib\zlibstatic.dir\release\gzlib.obj
d:\opengl\assimp-5.0.1\contrib\zlib\zlibstatic.dir\release\deflate.obj
d:\opengl\assimp-5.0.1\contrib\zlib\zlibstatic.dir\release\inftrees.obj
d:\opengl\assimp-5.0.1\contrib\zlib\zlibstatic.dir\release\gzclose.obj
d:\opengl\assimp-5.0.1\contrib\zlib\zlibstatic.dir\release\zutil.obj
d:\opengl\assimp-5.0.1\contrib\zlib\zlibstatic.dir\release\inffast.obj
d:\opengl\assimp-5.0.1\contrib\zlib\zlibstatic.dir\release\adler32.obj
d:\opengl\assimp-5.0.1\contrib\zlib\cmakefiles\generate.stamp
d:\opengl\assimp-5.0.1\lib\release\zlibstatic.lib
d:\opengl\assimp-5.0.1\contrib\zlib\zlibstatic.dir\release\zlibstatic.tlog\cl.12040.write.1.tlog
d:\opengl\assimp-5.0.1\contrib\zlib\zlibstatic.dir\release\zlibstatic.tlog\cl.command.1.tlog
d:\opengl\assimp-5.0.1\contrib\zlib\zlibstatic.dir\release\zlibstatic.tlog\cl.read.1.tlog
d:\opengl\assimp-5.0.1\contrib\zlib\zlibstatic.dir\release\zlibstatic.tlog\custombuild.command.1.tlog
d:\opengl\assimp-5.0.1\contrib\zlib\zlibstatic.dir\release\zlibstatic.tlog\custombuild.read.1.tlog
d:\opengl\assimp-5.0.1\contrib\zlib\zlibstatic.dir\release\zlibstatic.tlog\custombuild.write.1.tlog
d:\opengl\assimp-5.0.1\contrib\zlib\zlibstatic.dir\release\zlibstatic.tlog\lib-link.read.1.tlog
d:\opengl\assimp-5.0.1\contrib\zlib\zlibstatic.dir\release\zlibstatic.tlog\lib-link.write.1.tlog
d:\opengl\assimp-5.0.1\contrib\zlib\zlibstatic.dir\release\zlibstatic.tlog\lib.command.1.tlog
