d:\opengl\assimp-5.0.1\tools\assimp_cmd\assimp_cmd.dir\release\imageextractor.obj
d:\opengl\assimp-5.0.1\tools\assimp_cmd\assimp_cmd.dir\release\writedumb.obj
d:\opengl\assimp-5.0.1\tools\assimp_cmd\assimp_cmd.dir\release\main.obj
d:\opengl\assimp-5.0.1\tools\assimp_cmd\assimp_cmd.dir\release\export.obj
d:\opengl\assimp-5.0.1\tools\assimp_cmd\assimp_cmd.dir\release\comparedump.obj
d:\opengl\assimp-5.0.1\tools\assimp_cmd\assimp_cmd.dir\release\info.obj
d:\opengl\assimp-5.0.1\tools\assimp_cmd\cmakefiles\generate.stamp
d:\opengl\assimp-5.0.1\bin\release\assimp.exe
d:\opengl\assimp-5.0.1\tools\assimp_cmd\assimp_cmd.dir\release\assimp_cmd.res
d:\opengl\assimp-5.0.1\tools\assimp_cmd\assimp_cmd.dir\release\assimp_cmd.tlog\cl.10780.write.1.tlog
d:\opengl\assimp-5.0.1\tools\assimp_cmd\assimp_cmd.dir\release\assimp_cmd.tlog\cl.command.1.tlog
d:\opengl\assimp-5.0.1\tools\assimp_cmd\assimp_cmd.dir\release\assimp_cmd.tlog\cl.read.1.tlog
d:\opengl\assimp-5.0.1\tools\assimp_cmd\assimp_cmd.dir\release\assimp_cmd.tlog\custombuild.command.1.tlog
d:\opengl\assimp-5.0.1\tools\assimp_cmd\assimp_cmd.dir\release\assimp_cmd.tlog\custombuild.read.1.tlog
d:\opengl\assimp-5.0.1\tools\assimp_cmd\assimp_cmd.dir\release\assimp_cmd.tlog\custombuild.write.1.tlog
d:\opengl\assimp-5.0.1\tools\assimp_cmd\assimp_cmd.dir\release\assimp_cmd.tlog\link.command.1.tlog
d:\opengl\assimp-5.0.1\tools\assimp_cmd\assimp_cmd.dir\release\assimp_cmd.tlog\link.read.1.tlog
d:\opengl\assimp-5.0.1\tools\assimp_cmd\assimp_cmd.dir\release\assimp_cmd.tlog\link.write.1.tlog
d:\opengl\assimp-5.0.1\tools\assimp_cmd\assimp_cmd.dir\release\assimp_cmd.tlog\rc.command.1.tlog
d:\opengl\assimp-5.0.1\tools\assimp_cmd\assimp_cmd.dir\release\assimp_cmd.tlog\rc.read.1.tlog
d:\opengl\assimp-5.0.1\tools\assimp_cmd\assimp_cmd.dir\release\assimp_cmd.tlog\rc.write.1.tlog
