d:\opengl\assimp-5.0.1\tools\assimp_view\assimp_viewer.dir\release\logwindow.obj
d:\opengl\assimp-5.0.1\tools\assimp_view\assimp_viewer.dir\release\meshrenderer.obj
d:\opengl\assimp-5.0.1\tools\assimp_view\assimp_viewer.dir\release\helpdialog.obj
d:\opengl\assimp-5.0.1\tools\assimp_view\assimp_viewer.dir\release\material.obj
d:\opengl\assimp-5.0.1\tools\assimp_view\assimp_viewer.dir\release\display.obj
d:\opengl\assimp-5.0.1\tools\assimp_view\assimp_viewer.dir\release\sceneanimator.obj
d:\opengl\assimp-5.0.1\tools\assimp_view\assimp_viewer.dir\release\logdisplay.obj
d:\opengl\assimp-5.0.1\tools\assimp_view\assimp_viewer.dir\release\shaders.obj
d:\opengl\assimp-5.0.1\tools\assimp_view\assimp_viewer.dir\release\background.obj
d:\opengl\assimp-5.0.1\tools\assimp_view\assimp_viewer.dir\release\assimp_view.obj
d:\opengl\assimp-5.0.1\tools\assimp_view\assimp_viewer.dir\release\normals.obj
d:\opengl\assimp-5.0.1\tools\assimp_view\assimp_viewer.dir\release\animevaluator.obj
d:\opengl\assimp-5.0.1\tools\assimp_view\assimp_viewer.dir\release\messageproc.obj
d:\opengl\assimp-5.0.1\tools\assimp_view\assimp_viewer.dir\release\input.obj
d:\opengl\assimp-5.0.1\tools\assimp_view\assimp_viewer.dir\release\stdafx.obj
d:\opengl\assimp-5.0.1\tools\assimp_view\cmakefiles\generate.stamp
d:\opengl\assimp-5.0.1\bin\release\assimp_viewer.exe
d:\opengl\assimp-5.0.1\tools\assimp_view\assimp_viewer.dir\release\assimp_view.res
d:\opengl\assimp-5.0.1\tools\assimp_view\assimp_viewer.dir\release\assimp_viewer.tlog\cl.12040.write.1.tlog
d:\opengl\assimp-5.0.1\tools\assimp_view\assimp_viewer.dir\release\assimp_viewer.tlog\cl.command.1.tlog
d:\opengl\assimp-5.0.1\tools\assimp_view\assimp_viewer.dir\release\assimp_viewer.tlog\cl.read.1.tlog
d:\opengl\assimp-5.0.1\tools\assimp_view\assimp_viewer.dir\release\assimp_viewer.tlog\custombuild.command.1.tlog
d:\opengl\assimp-5.0.1\tools\assimp_view\assimp_viewer.dir\release\assimp_viewer.tlog\custombuild.read.1.tlog
d:\opengl\assimp-5.0.1\tools\assimp_view\assimp_viewer.dir\release\assimp_viewer.tlog\custombuild.write.1.tlog
d:\opengl\assimp-5.0.1\tools\assimp_view\assimp_viewer.dir\release\assimp_viewer.tlog\link.command.1.tlog
d:\opengl\assimp-5.0.1\tools\assimp_view\assimp_viewer.dir\release\assimp_viewer.tlog\link.read.1.tlog
d:\opengl\assimp-5.0.1\tools\assimp_view\assimp_viewer.dir\release\assimp_viewer.tlog\link.write.1.tlog
d:\opengl\assimp-5.0.1\tools\assimp_view\assimp_viewer.dir\release\assimp_viewer.tlog\rc.command.1.tlog
d:\opengl\assimp-5.0.1\tools\assimp_view\assimp_viewer.dir\release\assimp_viewer.tlog\rc.read.1.tlog
d:\opengl\assimp-5.0.1\tools\assimp_view\assimp_viewer.dir\release\assimp_viewer.tlog\rc.write.1.tlog
