d:\opengl\assimp-5.0.1\lib\release\assimp-vc142-mt.lib
d:\opengl\assimp-5.0.1\lib\release\assimp-vc142-mt.exp
d:\opengl\assimp-5.0.1\code\assimp.dir\release\baseprocess.obj
d:\opengl\assimp-5.0.1\code\assimp.dir\release\targetanimation.obj
d:\opengl\assimp-5.0.1\code\assimp.dir\release\exporter.obj
d:\opengl\assimp-5.0.1\code\assimp.dir\release\improvecachelocality.obj
d:\opengl\assimp-5.0.1\code\assimp.dir\release\optimizemeshes.obj
d:\opengl\assimp-5.0.1\code\assimp.dir\release\amfimporter_postprocess.obj
d:\opengl\assimp-5.0.1\code\assimp.dir\release\hmploader.obj
d:\opengl\assimp-5.0.1\code\assimp.dir\release\md2loader.obj
d:\opengl\assimp-5.0.1\code\assimp.dir\release\offloader.obj
d:\opengl\assimp-5.0.1\code\assimp.dir\release\plyloader.obj
d:\opengl\assimp-5.0.1\code\assimp.dir\release\blenderbmesh.obj
d:\opengl\assimp-5.0.1\code\assimp.dir\release\ifcprofile.obj
d:\opengl\assimp-5.0.1\code\assimp.dir\release\fbxconverter.obj
d:\opengl\assimp-5.0.1\code\assimp.dir\release\x3dimporter.obj
d:\opengl\assimp-5.0.1\code\assimp.dir\release\mmdimporter.obj
d:\opengl\assimp-5.0.1\code\assimp.dir\release\plyexporter.obj
d:\opengl\assimp-5.0.1\code\assimp.dir\release\xfileexporter.obj
d:\opengl\assimp-5.0.1\code\assimp.dir\release\cdt.obj
d:\opengl\assimp-5.0.1\code\assimp.dir\release\ddlnode.obj
d:\opengl\assimp-5.0.1\code\assimp.dir\release\o3dgcdynamicvectordecoder.obj
d:\opengl\assimp-5.0.1\code\assimp.dir\release\assimp.obj
d:\opengl\assimp-5.0.1\code\assimp.dir\release\subdivision.obj
d:\opengl\assimp-5.0.1\code\assimp.dir\release\triangulateprocess.obj
d:\opengl\assimp-5.0.1\code\assimp.dir\release\stepfileencoding.obj
d:\opengl\assimp-5.0.1\code\assimp.dir\release\b3dimporter.obj
d:\opengl\assimp-5.0.1\code\assimp.dir\release\irrloader.obj
d:\opengl\assimp-5.0.1\code\assimp.dir\release\nffloader.obj
d:\opengl\assimp-5.0.1\code\assimp.dir\release\fbximporter.obj
d:\opengl\assimp-5.0.1\code\assimp.dir\release\fbxdeformer.obj
d:\opengl\assimp-5.0.1\code\assimp.dir\release\unrealloader.obj
d:\opengl\assimp-5.0.1\code\assimp.dir\release\x3dimporter_shape.obj
d:\opengl\assimp-5.0.1\code\assimp.dir\release\colladaexporter.obj
d:\opengl\assimp-5.0.1\code\assimp.dir\release\stepexporter.obj
d:\opengl\assimp-5.0.1\code\assimp.dir\release\o3dgcarithmeticcodec.obj
d:\opengl\assimp-5.0.1\code\assimp.dir\release\defaultiosystem.obj
d:\opengl\assimp-5.0.1\code\assimp.dir\release\removecomments.obj
d:\opengl\assimp-5.0.1\code\assimp.dir\release\assimpcexport.obj
d:\opengl\assimp-5.0.1\code\assimp.dir\release\fixnormalsstep.obj
d:\opengl\assimp-5.0.1\code\assimp.dir\release\texturetransform.obj
d:\opengl\assimp-5.0.1\code\assimp.dir\release\amfimporter_geometry.obj
d:\opengl\assimp-5.0.1\code\assimp.dir\release\colladaloader.obj
d:\opengl\assimp-5.0.1\code\assimp.dir\release\ndoloader.obj
d:\opengl\assimp-5.0.1\code\assimp.dir\release\cobloader.obj
d:\opengl\assimp-5.0.1\code\assimp.dir\release\ifcgeometry.obj
d:\opengl\assimp-5.0.1\code\assimp.dir\release\fbxproperties.obj
d:\opengl\assimp-5.0.1\code\assimp.dir\release\fbxdocumentutil.obj
d:\opengl\assimp-5.0.1\code\assimp.dir\release\x3dimporter_geometry2d.obj
d:\opengl\assimp-5.0.1\code\assimp.dir\release\gltfcommon.obj
d:\opengl\assimp-5.0.1\code\assimp.dir\release\stepfilegen2.obj
d:\opengl\assimp-5.0.1\code\assimp.dir\release\gltfexporter.obj
d:\opengl\assimp-5.0.1\code\assimp.dir\release\defaultiostream.obj
d:\opengl\assimp-5.0.1\code\assimp.dir\release\spatialsort.obj
d:\opengl\assimp-5.0.1\code\assimp.dir\release\standardshapes.obj
d:\opengl\assimp-5.0.1\code\assimp.dir\release\findinvaliddataprocess.obj
d:\opengl\assimp-5.0.1\code\assimp.dir\release\sortbyptypeprocess.obj
d:\opengl\assimp-5.0.1\code\assimp.dir\release\materialsystem.obj
d:\opengl\assimp-5.0.1\code\assimp.dir\release\aseloader.obj
d:\opengl\assimp-5.0.1\code\assimp.dir\release\lwobloader.obj
d:\opengl\assimp-5.0.1\code\assimp.dir\release\mdlloader.obj
d:\opengl\assimp-5.0.1\code\assimp.dir\release\ogrexmlserializer.obj
d:\opengl\assimp-5.0.1\code\assimp.dir\release\blendertessellator.obj
d:\opengl\assimp-5.0.1\code\assimp.dir\release\ifccurve.obj
d:\opengl\assimp-5.0.1\code\assimp.dir\release\fbxutil.obj
d:\opengl\assimp-5.0.1\code\assimp.dir\release\fbxmaterial.obj
d:\opengl\assimp-5.0.1\code\assimp.dir\release\smdloader.obj
d:\opengl\assimp-5.0.1\code\assimp.dir\release\x3dimporter_metadata.obj
d:\opengl\assimp-5.0.1\code\assimp.dir\release\gltf2importer.obj
d:\opengl\assimp-5.0.1\code\assimp.dir\release\fbxexportproperty.obj
d:\opengl\assimp-5.0.1\code\assimp.dir\release\mesh_splitter.obj
d:\opengl\assimp-5.0.1\code\assimp.dir\release\clipper.obj
d:\opengl\assimp-5.0.1\code\assimp.dir\release\o3dgctools.obj
d:\opengl\assimp-5.0.1\code\assimp.dir\release\o3dgctrianglefans.obj
d:\opengl\assimp-5.0.1\code\assimp.dir\release\cinterfaceiowrapper.obj
d:\opengl\assimp-5.0.1\code\assimp.dir\release\scenecombiner.obj
d:\opengl\assimp-5.0.1\code\assimp.dir\release\embedtexturesprocess.obj
d:\opengl\assimp-5.0.1\code\assimp.dir\release\limitboneweightsprocess.obj
d:\opengl\assimp-5.0.1\code\assimp.dir\release\makeverboseformat.obj
d:\opengl\assimp-5.0.1\code\assimp.dir\release\3dsloader.obj
d:\opengl\assimp-5.0.1\code\assimp.dir\release\irrmeshloader.obj
d:\opengl\assimp-5.0.1\code\assimp.dir\release\mdcloader.obj
d:\opengl\assimp-5.0.1\code\assimp.dir\release\objfilemtlimporter.obj
d:\opengl\assimp-5.0.1\code\assimp.dir\release\ms3dloader.obj
d:\opengl\assimp-5.0.1\code\assimp.dir\release\ifcmaterial.obj
d:\opengl\assimp-5.0.1\code\assimp.dir\release\fbxtokenizer.obj
d:\opengl\assimp-5.0.1\code\assimp.dir\release\fbxanimation.obj
d:\opengl\assimp-5.0.1\code\assimp.dir\release\sibimporter.obj
d:\opengl\assimp-5.0.1\code\assimp.dir\release\x3dimporter_networking.obj
d:\opengl\assimp-5.0.1\code\assimp.dir\release\d3mfimporter.obj
d:\opengl\assimp-5.0.1\code\assimp.dir\release\assxmlexporter.obj
d:\opengl\assimp-5.0.1\code\assimp.dir\release\stlexporter.obj
d:\opengl\assimp-5.0.1\code\assimp.dir\release\advancing_front.obj
d:\opengl\assimp-5.0.1\code\assimp.dir\release\sweep.obj
d:\opengl\assimp-5.0.1\code\assimp.dir\release\value.obj
d:\opengl\assimp-5.0.1\code\assimp.dir\release\importerregistry.obj
d:\opengl\assimp-5.0.1\code\assimp.dir\release\pretransformvertices.obj
d:\opengl\assimp-5.0.1\code\assimp.dir\release\genboundingboxesprocess.obj
d:\opengl\assimp-5.0.1\code\assimp.dir\release\amfimporter_material.obj
d:\opengl\assimp-5.0.1\code\assimp.dir\release\bvhloader.obj
d:\opengl\assimp-5.0.1\code\assimp.dir\release\lwsloader.obj
d:\opengl\assimp-5.0.1\code\assimp.dir\release\opengeximporter.obj
d:\opengl\assimp-5.0.1\code\assimp.dir\release\ifcloader.obj
d:\opengl\assimp-5.0.1\code\assimp.dir\release\fbxmeshgeometry.obj
d:\opengl\assimp-5.0.1\code\assimp.dir\release\xfileimporter.obj
d:\opengl\assimp-5.0.1\code\assimp.dir\release\x3dimporter_texturing.obj
d:\opengl\assimp-5.0.1\code\assimp.dir\release\stepfilegen3.obj
d:\opengl\assimp-5.0.1\code\assimp.dir\release\json_exporter.obj
d:\opengl\assimp-5.0.1\code\assimp.dir\release\openddlexport.obj
d:\opengl\assimp-5.0.1\code\assimp.dir\release\importer.obj
d:\opengl\assimp-5.0.1\code\assimp.dir\release\finddegenerates.obj
d:\opengl\assimp-5.0.1\code\assimp.dir\release\removeredundantmaterials.obj
d:\opengl\assimp-5.0.1\code\assimp.dir\release\scaleprocess.obj
d:\opengl\assimp-5.0.1\code\assimp.dir\release\3dsconverter.obj
d:\opengl\assimp-5.0.1\code\assimp.dir\release\colladaparser.obj
d:\opengl\assimp-5.0.1\code\assimp.dir\release\mdlmaterialloader.obj
d:\opengl\assimp-5.0.1\code\assimp.dir\release\ogreimporter.obj
d:\opengl\assimp-5.0.1\code\assimp.dir\release\blenderloader.obj
d:\opengl\assimp-5.0.1\code\assimp.dir\release\xglloader.obj
d:\opengl\assimp-5.0.1\code\assimp.dir\release\fbxbinarytokenizer.obj
d:\opengl\assimp-5.0.1\code\assimp.dir\release\q3bspfileimporter.obj
d:\opengl\assimp-5.0.1\code\assimp.dir\release\x3dimporter_geometry3d.obj
d:\opengl\assimp-5.0.1\code\assimp.dir\release\stepfileimporter.obj
d:\opengl\assimp-5.0.1\code\assimp.dir\release\objexporter.obj
d:\opengl\assimp-5.0.1\code\assimp.dir\release\d3mfexporter.obj
d:\opengl\assimp-5.0.1\code\assimp.dir\release\openddlparser.obj
d:\opengl\assimp-5.0.1\code\assimp.dir\release\sgspatialsort.obj
d:\opengl\assimp-5.0.1\code\assimp.dir\release\skeletonmeshbuilder.obj
d:\opengl\assimp-5.0.1\code\assimp.dir\release\createanimmesh.obj
d:\opengl\assimp-5.0.1\code\assimp.dir\release\converttolhprocess.obj
d:\opengl\assimp-5.0.1\code\assimp.dir\release\genfacenormalsprocess.obj
d:\opengl\assimp-5.0.1\code\assimp.dir\release\validatedatastructure.obj
d:\opengl\assimp-5.0.1\code\assimp.dir\release\amfimporter.obj
d:\opengl\assimp-5.0.1\code\assimp.dir\release\csmloader.obj
d:\opengl\assimp-5.0.1\code\assimp.dir\release\lwomaterial.obj
d:\opengl\assimp-5.0.1\code\assimp.dir\release\objfileimporter.obj
d:\opengl\assimp-5.0.1\code\assimp.dir\release\plyparser.obj
d:\opengl\assimp-5.0.1\code\assimp.dir\release\blendercustomdata.obj
d:\opengl\assimp-5.0.1\code\assimp.dir\release\ifcboolean.obj
d:\opengl\assimp-5.0.1\code\assimp.dir\release\fbxmodel.obj
d:\opengl\assimp-5.0.1\code\assimp.dir\release\rawloader.obj
d:\opengl\assimp-5.0.1\code\assimp.dir\release\x3dimporter_light.obj
d:\opengl\assimp-5.0.1\code\assimp.dir\release\x3dvocabulary.obj
d:\opengl\assimp-5.0.1\code\assimp.dir\release\mmdpmxparser.obj
d:\opengl\assimp-5.0.1\code\assimp.dir\release\assbinexporter.obj
d:\opengl\assimp-5.0.1\code\assimp.dir\release\fbxexportnode.obj
d:\opengl\assimp-5.0.1\code\assimp.dir\release\shapes.obj
d:\opengl\assimp-5.0.1\code\assimp.dir\release\sweep_context.obj
d:\opengl\assimp-5.0.1\code\assimp.dir\release\openddlstream.obj
d:\opengl\assimp-5.0.1\code\assimp.dir\release\vertextriangleadjacency.obj
d:\opengl\assimp-5.0.1\code\assimp.dir\release\scenepreprocessor.obj
d:\opengl\assimp-5.0.1\code\assimp.dir\release\bitmap.obj
d:\opengl\assimp-5.0.1\code\assimp.dir\release\calctangentsprocess.obj
d:\opengl\assimp-5.0.1\code\assimp.dir\release\joinverticesprocess.obj
d:\opengl\assimp-5.0.1\code\assimp.dir\release\processhelper.obj
d:\opengl\assimp-5.0.1\code\assimp.dir\release\acloader.obj
d:\opengl\assimp-5.0.1\code\assimp.dir\release\lwoanimation.obj
d:\opengl\assimp-5.0.1\code\assimp.dir\release\md3loader.obj
d:\opengl\assimp-5.0.1\code\assimp.dir\release\ogrestructs.obj
d:\opengl\assimp-5.0.1\code\assimp.dir\release\blenderscene.obj
d:\opengl\assimp-5.0.1\code\assimp.dir\release\ifcopenings.obj
d:\opengl\assimp-5.0.1\code\assimp.dir\release\q3dloader.obj
d:\opengl\assimp-5.0.1\code\assimp.dir\release\x3dimporter_rendering.obj
d:\opengl\assimp-5.0.1\code\assimp.dir\release\stepfilegen1.obj
d:\opengl\assimp-5.0.1\code\assimp.dir\release\poststepregistry.obj
d:\opengl\assimp-5.0.1\code\assimp.dir\release\scene.obj
d:\opengl\assimp-5.0.1\code\assimp.dir\release\simd.obj
d:\opengl\assimp-5.0.1\code\assimp.dir\release\defaultlogger.obj
d:\opengl\assimp-5.0.1\code\assimp.dir\release\genvertexnormalsprocess.obj
d:\opengl\assimp-5.0.1\code\assimp.dir\release\optimizegraph.obj
d:\opengl\assimp-5.0.1\code\assimp.dir\release\aseparser.obj
d:\opengl\assimp-5.0.1\code\assimp.dir\release\lwoloader.obj
d:\opengl\assimp-5.0.1\code\assimp.dir\release\ogrematerial.obj
d:\opengl\assimp-5.0.1\code\assimp.dir\release\ifcreadergen1_2x3.obj
d:\opengl\assimp-5.0.1\code\assimp.dir\release\terragenloader.obj
d:\opengl\assimp-5.0.1\code\assimp.dir\release\x3dimporter_postprocess.obj
d:\opengl\assimp-5.0.1\code\assimp.dir\release\d3mfopcpackage.obj
d:\opengl\assimp-5.0.1\code\assimp.dir\release\3dsexporter.obj
d:\opengl\assimp-5.0.1\code\assimp.dir\release\x3dexporter.obj
d:\opengl\assimp-5.0.1\code\assimp.dir\release\openddlcommon.obj
d:\opengl\assimp-5.0.1\code\assimp.dir\release\o3dgcdynamicvectorencoder.obj
d:\opengl\assimp-5.0.1\code\assimp.dir\release\baseimporter.obj
d:\opengl\assimp-5.0.1\code\assimp.dir\release\version.obj
d:\opengl\assimp-5.0.1\code\assimp.dir\release\computeuvmappingprocess.obj
d:\opengl\assimp-5.0.1\code\assimp.dir\release\dropfacenormalsprocess.obj
d:\opengl\assimp-5.0.1\code\assimp.dir\release\splitlargemeshes.obj
d:\opengl\assimp-5.0.1\code\assimp.dir\release\stepfilereader.obj
d:\opengl\assimp-5.0.1\code\assimp.dir\release\dxfloader.obj
d:\opengl\assimp-5.0.1\code\assimp.dir\release\md5parser.obj
d:\opengl\assimp-5.0.1\code\assimp.dir\release\ogrebinaryserializer.obj
d:\opengl\assimp-5.0.1\code\assimp.dir\release\blendermodifier.obj
d:\opengl\assimp-5.0.1\code\assimp.dir\release\ifcutil.obj
d:\opengl\assimp-5.0.1\code\assimp.dir\release\fbxdocument.obj
d:\opengl\assimp-5.0.1\code\assimp.dir\release\q3bspfileparser.obj
d:\opengl\assimp-5.0.1\code\assimp.dir\release\xfileparser.obj
d:\opengl\assimp-5.0.1\code\assimp.dir\release\fireader.obj
d:\opengl\assimp-5.0.1\code\assimp.dir\release\opengexexporter.obj
d:\opengl\assimp-5.0.1\code\assimp.dir\release\fbxexporter.obj
d:\opengl\assimp-5.0.1\code\assimp.dir\release\ziparchiveiosystem.obj
d:\opengl\assimp-5.0.1\code\assimp.dir\release\splitbybonecountprocess.obj
d:\opengl\assimp-5.0.1\code\assimp.dir\release\findinstancesprocess.obj
d:\opengl\assimp-5.0.1\code\assimp.dir\release\removevcprocess.obj
d:\opengl\assimp-5.0.1\code\assimp.dir\release\deboneprocess.obj
d:\opengl\assimp-5.0.1\code\assimp.dir\release\assbinloader.obj
d:\opengl\assimp-5.0.1\code\assimp.dir\release\irrshared.obj
d:\opengl\assimp-5.0.1\code\assimp.dir\release\md5loader.obj
d:\opengl\assimp-5.0.1\code\assimp.dir\release\objfileparser.obj
d:\opengl\assimp-5.0.1\code\assimp.dir\release\blenderdna.obj
d:\opengl\assimp-5.0.1\code\assimp.dir\release\ifcreadergen2_2x3.obj
d:\opengl\assimp-5.0.1\code\assimp.dir\release\fbxparser.obj
d:\opengl\assimp-5.0.1\code\assimp.dir\release\fbxnodeattribute.obj
d:\opengl\assimp-5.0.1\code\assimp.dir\release\stlloader.obj
d:\opengl\assimp-5.0.1\code\assimp.dir\release\x3dimporter_group.obj
d:\opengl\assimp-5.0.1\code\assimp.dir\release\gltfimporter.obj
d:\opengl\assimp-5.0.1\code\assimp.dir\release\gltf2exporter.obj
d:\opengl\assimp-5.0.1\code\assimp.dir\release\zip.obj
d:\opengl\assimp-5.0.1\code\assimp.dir\release\ioapi.obj
d:\opengl\assimp-5.0.1\code\assimp.dir\release\cencode.obj
d:\opengl\assimp-5.0.1\code\assimp.dir\release\unzip.obj
d:\opengl\assimp-5.0.1\code\cmakefiles\generate.stamp
d:\opengl\assimp-5.0.1\bin\release\assimp-vc142-mt.dll
d:\opengl\assimp-5.0.1\code\assimp.dir\release\assimp.res
d:\opengl\assimp-5.0.1\code\assimp.dir\release\assimp.tlog\assimp.write.1u.tlog
d:\opengl\assimp-5.0.1\code\assimp.dir\release\assimp.tlog\cl.11488.write.1.tlog
d:\opengl\assimp-5.0.1\code\assimp.dir\release\assimp.tlog\cl.command.1.tlog
d:\opengl\assimp-5.0.1\code\assimp.dir\release\assimp.tlog\cl.read.1.tlog
d:\opengl\assimp-5.0.1\code\assimp.dir\release\assimp.tlog\custombuild.command.1.tlog
d:\opengl\assimp-5.0.1\code\assimp.dir\release\assimp.tlog\custombuild.read.1.tlog
d:\opengl\assimp-5.0.1\code\assimp.dir\release\assimp.tlog\custombuild.write.1.tlog
d:\opengl\assimp-5.0.1\code\assimp.dir\release\assimp.tlog\link.command.1.tlog
d:\opengl\assimp-5.0.1\code\assimp.dir\release\assimp.tlog\link.read.1.tlog
d:\opengl\assimp-5.0.1\code\assimp.dir\release\assimp.tlog\link.write.1.tlog
d:\opengl\assimp-5.0.1\code\assimp.dir\release\assimp.tlog\rc.command.1.tlog
d:\opengl\assimp-5.0.1\code\assimp.dir\release\assimp.tlog\rc.read.1.tlog
d:\opengl\assimp-5.0.1\code\assimp.dir\release\assimp.tlog\rc.write.1.tlog
