d:\opengl\assimp-5.0.1\contrib\zlib\zlib.dir\release\gzwrite.obj
d:\opengl\assimp-5.0.1\contrib\zlib\zlib.dir\release\adler32.obj
d:\opengl\assimp-5.0.1\contrib\zlib\zlib.dir\release\inftrees.obj
d:\opengl\assimp-5.0.1\contrib\zlib\zlib.dir\release\crc32.obj
d:\opengl\assimp-5.0.1\contrib\zlib\zlib.dir\release\compress.obj
d:\opengl\assimp-5.0.1\contrib\zlib\zlib.dir\release\gzread.obj
d:\opengl\assimp-5.0.1\contrib\zlib\zlib.dir\release\infback.obj
d:\opengl\assimp-5.0.1\contrib\zlib\zlib.dir\release\uncompr.obj
d:\opengl\assimp-5.0.1\contrib\zlib\zlib.dir\release\inflate.obj
d:\opengl\assimp-5.0.1\contrib\zlib\zlib.dir\release\gzlib.obj
d:\opengl\assimp-5.0.1\contrib\zlib\zlib.dir\release\inffast.obj
d:\opengl\assimp-5.0.1\contrib\zlib\zlib.dir\release\zutil.obj
d:\opengl\assimp-5.0.1\contrib\zlib\zlib.dir\release\gzclose.obj
d:\opengl\assimp-5.0.1\contrib\zlib\zlib.dir\release\trees.obj
d:\opengl\assimp-5.0.1\contrib\zlib\zlib.dir\release\deflate.obj
d:\opengl\assimp-5.0.1\contrib\zlib\cmakefiles\generate.stamp
d:\opengl\assimp-5.0.1\bin\release\zlib.dll
d:\opengl\assimp-5.0.1\contrib\zlib\zlib.dir\release\zlib1.res
d:\opengl\assimp-5.0.1\lib\release\zlib.lib
d:\opengl\assimp-5.0.1\lib\release\zlib.exp
d:\opengl\assimp-5.0.1\contrib\zlib\zlib.dir\release\zlib.tlog\cl.12808.write.1.tlog
d:\opengl\assimp-5.0.1\contrib\zlib\zlib.dir\release\zlib.tlog\cl.command.1.tlog
d:\opengl\assimp-5.0.1\contrib\zlib\zlib.dir\release\zlib.tlog\cl.read.1.tlog
d:\opengl\assimp-5.0.1\contrib\zlib\zlib.dir\release\zlib.tlog\custombuild.command.1.tlog
d:\opengl\assimp-5.0.1\contrib\zlib\zlib.dir\release\zlib.tlog\custombuild.read.1.tlog
d:\opengl\assimp-5.0.1\contrib\zlib\zlib.dir\release\zlib.tlog\custombuild.write.1.tlog
d:\opengl\assimp-5.0.1\contrib\zlib\zlib.dir\release\zlib.tlog\link.command.1.tlog
d:\opengl\assimp-5.0.1\contrib\zlib\zlib.dir\release\zlib.tlog\link.read.1.tlog
d:\opengl\assimp-5.0.1\contrib\zlib\zlib.dir\release\zlib.tlog\link.write.1.tlog
d:\opengl\assimp-5.0.1\contrib\zlib\zlib.dir\release\zlib.tlog\rc.command.1.tlog
d:\opengl\assimp-5.0.1\contrib\zlib\zlib.dir\release\zlib.tlog\rc.read.1.tlog
d:\opengl\assimp-5.0.1\contrib\zlib\zlib.dir\release\zlib.tlog\rc.write.1.tlog
d:\opengl\assimp-5.0.1\contrib\zlib\zlib.dir\release\zlib.tlog\zlib.write.1u.tlog
